( ( ( ( A3 ( A4 A8 ) ) ( A6 A2 ) ) ( A7 ( A9 A0 ) ) ) ( A1 A5 ) ) 
Preorder
r0
r1
r2
r3
A3
r4
A4
A8
r5
A6
A2
r6
A7
r7
A9
A0
r8
A1
A5
Inorder
A3
r3
A4
r4
A8
r2
A6
r5
A2
r1
A7
r6
A9
r7
A0
r0
A1
r8
A5
( ( ( B18 B0 ) ( B12 B14 ) ) ( ( ( ( B7 B19 ) ( ( B1 B15 ) ( B17 B11 ) ) ) ( ( B4 ( B16 B9 ) ) ( ( B5 B13 ) B3 ) ) ) ( B6 ( B2 ( B10 B8 ) ) ) ) ) 
Preorder
r0
r1
r2
B18
B0
r3
B12
B14
r4
r5
r6
r7
B7
B19
r8
r9
B1
B15
r10
B17
B11
r11
r12
B4
r13
B16
B9
r14
r15
B5
B13
B3
r16
B6
r17
B2
r18
B10
B8
Inorder
B18
r2
B0
r1
B12
r3
B14
r0
B7
r7
B19
r6
B1
r9
B15
r8
B17
r10
B11
r5
B4
r12
B16
r13
B9
r11
B5
r15
B13
r14
B3
r4
B6
r16
B2
r17
B10
r18
B8
( ( ( C26 C3 ) ( C0 ( ( C28 C14 ) C13 ) ) ) ( ( ( ( C12 C11 ) C2 ) ( ( C10 ( C5 ( C19 C29 ) ) ) ( C6 ( ( C7 C22 ) ( ( C27 C9 ) ( C4 C21 ) ) ) ) ) ) ( ( ( ( C23 C24 ) C15 ) ( C8 ( ( C18 C17 ) C16 ) ) ) ( C1 ( C25 C20 ) ) ) ) ) 
Preorder
r0
r1
r2
C26
C3
r3
C0
r4
r5
C28
C14
C13
r6
r7
r8
r9
C12
C11
C2
r10
r11
C10
r12
C5
r13
C19
C29
r14
C6
r15
r16
C7
C22
r17
r18
C27
C9
r19
C4
C21
r20
r21
r22
r23
C23
C24
C15
r24
C8
r25
r26
C18
C17
C16
r27
C1
r28
C25
C20
Inorder
C26
r2
C3
r1
C0
r3
C28
r5
C14
r4
C13
r0
C12
r9
C11
r8
C2
r7
C10
r11
C5
r12
C19
r13
C29
r10
C6
r14
C7
r16
C22
r15
C27
r18
C9
r17
C4
r19
C21
r6
C23
r23
C24
r22
C15
r21
C8
r24
C18
r26
C17
r25
C16
r20
C1
r27
C25
r28
C20
